-------------------------------------------------------------------------------
Test set: com.kingsrook.qbits.wms.WmsQBitProducerTest
-------------------------------------------------------------------------------
Tests run: 7, Failures: 0, Errors: 7, Skipped: 0, Time elapsed: 1.000 s <<< FAILURE! -- in com.kingsrook.qbits.wms.WmsQBitProducerTest
com.kingsrook.qbits.wms.WmsQBitProducerTest.testProduce_registersAllPossibleValueSources_enumsPresent -- Time elapsed: 0.933 s <<< ERROR!
com.kingsrook.qqq.backend.core.exceptions.QException: Could not find tableMetaData: null
	at com.kingsrook.qqq.backend.core.model.metadata.producers.ChildJoinFromRecordEntityGenericMetaDataProducer.getTable(ChildJoinFromRecordEntityGenericMetaDataProducer.java:157)
	at com.kingsrook.qqq.backend.core.model.metadata.producers.ChildJoinFromRecordEntityGenericMetaDataProducer.produce(ChildJoinFromRecordEntityGenericMetaDataProducer.java:101)
	at com.kingsrook.qqq.backend.core.model.metadata.producers.ChildJoinFromRecordEntityGenericMetaDataProducer.produce(ChildJoinFromRecordEntityGenericMetaDataProducer.java:63)
	at com.kingsrook.qqq.backend.core.model.metadata.qbits.QBitMetaDataProducer.produce(QBitMetaDataProducer.java:152)
	at com.kingsrook.qbits.wms.BaseTest.defineQInstance(BaseTest.java:89)
	at com.kingsrook.qbits.wms.BaseTest.baseBeforeEach(BaseTest.java:52)
	at java.base/java.lang.reflect.Method.invoke(Method.java:580)
	at java.base/java.util.ArrayList.forEach(ArrayList.java:1596)
	at java.base/java.util.ArrayList.forEach(ArrayList.java:1596)

com.kingsrook.qbits.wms.WmsQBitProducerTest.testSetQBitConfig_setAndGet_returnsConfig -- Time elapsed: 0.009 s <<< ERROR!
com.kingsrook.qqq.backend.core.exceptions.QException: Could not find tableMetaData: null
	at com.kingsrook.qqq.backend.core.model.metadata.producers.ChildJoinFromRecordEntityGenericMetaDataProducer.getTable(ChildJoinFromRecordEntityGenericMetaDataProducer.java:157)
	at com.kingsrook.qqq.backend.core.model.metadata.producers.ChildJoinFromRecordEntityGenericMetaDataProducer.produce(ChildJoinFromRecordEntityGenericMetaDataProducer.java:101)
	at com.kingsrook.qqq.backend.core.model.metadata.producers.ChildJoinFromRecordEntityGenericMetaDataProducer.produce(ChildJoinFromRecordEntityGenericMetaDataProducer.java:63)
	at com.kingsrook.qqq.backend.core.model.metadata.qbits.QBitMetaDataProducer.produce(QBitMetaDataProducer.java:152)
	at com.kingsrook.qbits.wms.BaseTest.defineQInstance(BaseTest.java:89)
	at com.kingsrook.qbits.wms.BaseTest.baseBeforeEach(BaseTest.java:52)
	at java.base/java.lang.reflect.Method.invoke(Method.java:580)
	at java.base/java.util.ArrayList.forEach(ArrayList.java:1596)
	at java.base/java.util.ArrayList.forEach(ArrayList.java:1596)

com.kingsrook.qbits.wms.WmsQBitProducerTest.testProduce_registersAllTables_correctTableCount -- Time elapsed: 0.006 s <<< ERROR!
com.kingsrook.qqq.backend.core.exceptions.QException: Could not find tableMetaData: null
	at com.kingsrook.qqq.backend.core.model.metadata.producers.ChildJoinFromRecordEntityGenericMetaDataProducer.getTable(ChildJoinFromRecordEntityGenericMetaDataProducer.java:157)
	at com.kingsrook.qqq.backend.core.model.metadata.producers.ChildJoinFromRecordEntityGenericMetaDataProducer.produce(ChildJoinFromRecordEntityGenericMetaDataProducer.java:101)
	at com.kingsrook.qqq.backend.core.model.metadata.producers.ChildJoinFromRecordEntityGenericMetaDataProducer.produce(ChildJoinFromRecordEntityGenericMetaDataProducer.java:63)
	at com.kingsrook.qqq.backend.core.model.metadata.qbits.QBitMetaDataProducer.produce(QBitMetaDataProducer.java:152)
	at com.kingsrook.qbits.wms.BaseTest.defineQInstance(BaseTest.java:89)
	at com.kingsrook.qbits.wms.BaseTest.baseBeforeEach(BaseTest.java:52)
	at java.base/java.lang.reflect.Method.invoke(Method.java:580)
	at java.base/java.util.ArrayList.forEach(ArrayList.java:1596)
	at java.base/java.util.ArrayList.forEach(ArrayList.java:1596)

com.kingsrook.qbits.wms.WmsQBitProducerTest.testProduce_registersTablePossibleValueSources_tablesAsPvs -- Time elapsed: 0.005 s <<< ERROR!
com.kingsrook.qqq.backend.core.exceptions.QException: Could not find tableMetaData: null
	at com.kingsrook.qqq.backend.core.model.metadata.producers.ChildJoinFromRecordEntityGenericMetaDataProducer.getTable(ChildJoinFromRecordEntityGenericMetaDataProducer.java:157)
	at com.kingsrook.qqq.backend.core.model.metadata.producers.ChildJoinFromRecordEntityGenericMetaDataProducer.produce(ChildJoinFromRecordEntityGenericMetaDataProducer.java:101)
	at com.kingsrook.qqq.backend.core.model.metadata.producers.ChildJoinFromRecordEntityGenericMetaDataProducer.produce(ChildJoinFromRecordEntityGenericMetaDataProducer.java:63)
	at com.kingsrook.qqq.backend.core.model.metadata.qbits.QBitMetaDataProducer.produce(QBitMetaDataProducer.java:152)
	at com.kingsrook.qbits.wms.BaseTest.defineQInstance(BaseTest.java:89)
	at com.kingsrook.qbits.wms.BaseTest.baseBeforeEach(BaseTest.java:52)
	at java.base/java.lang.reflect.Method.invoke(Method.java:580)
	at java.base/java.util.ArrayList.forEach(ArrayList.java:1596)
	at java.base/java.util.ArrayList.forEach(ArrayList.java:1596)

com.kingsrook.qbits.wms.WmsQBitProducerTest.testPostProduceActions_placeholder_doesNotThrow -- Time elapsed: 0.005 s <<< ERROR!
com.kingsrook.qqq.backend.core.exceptions.QException: Could not find tableMetaData: null
	at com.kingsrook.qqq.backend.core.model.metadata.producers.ChildJoinFromRecordEntityGenericMetaDataProducer.getTable(ChildJoinFromRecordEntityGenericMetaDataProducer.java:157)
	at com.kingsrook.qqq.backend.core.model.metadata.producers.ChildJoinFromRecordEntityGenericMetaDataProducer.produce(ChildJoinFromRecordEntityGenericMetaDataProducer.java:101)
	at com.kingsrook.qqq.backend.core.model.metadata.producers.ChildJoinFromRecordEntityGenericMetaDataProducer.produce(ChildJoinFromRecordEntityGenericMetaDataProducer.java:63)
	at com.kingsrook.qqq.backend.core.model.metadata.qbits.QBitMetaDataProducer.produce(QBitMetaDataProducer.java:152)
	at com.kingsrook.qbits.wms.BaseTest.defineQInstance(BaseTest.java:89)
	at com.kingsrook.qbits.wms.BaseTest.baseBeforeEach(BaseTest.java:52)
	at java.base/java.lang.reflect.Method.invoke(Method.java:580)
	at java.base/java.util.ArrayList.forEach(ArrayList.java:1596)
	at java.base/java.util.ArrayList.forEach(ArrayList.java:1596)

com.kingsrook.qbits.wms.WmsQBitProducerTest.testGetQBitMetaData_identity_hasCorrectGroupArtifactVersion -- Time elapsed: 0.006 s <<< ERROR!
com.kingsrook.qqq.backend.core.exceptions.QException: Could not find tableMetaData: null
	at com.kingsrook.qqq.backend.core.model.metadata.producers.ChildJoinFromRecordEntityGenericMetaDataProducer.getTable(ChildJoinFromRecordEntityGenericMetaDataProducer.java:157)
	at com.kingsrook.qqq.backend.core.model.metadata.producers.ChildJoinFromRecordEntityGenericMetaDataProducer.produce(ChildJoinFromRecordEntityGenericMetaDataProducer.java:101)
	at com.kingsrook.qqq.backend.core.model.metadata.producers.ChildJoinFromRecordEntityGenericMetaDataProducer.produce(ChildJoinFromRecordEntityGenericMetaDataProducer.java:63)
	at com.kingsrook.qqq.backend.core.model.metadata.qbits.QBitMetaDataProducer.produce(QBitMetaDataProducer.java:152)
	at com.kingsrook.qbits.wms.BaseTest.defineQInstance(BaseTest.java:89)
	at com.kingsrook.qbits.wms.BaseTest.baseBeforeEach(BaseTest.java:52)
	at java.base/java.lang.reflect.Method.invoke(Method.java:580)
	at java.base/java.util.ArrayList.forEach(ArrayList.java:1596)
	at java.base/java.util.ArrayList.forEach(ArrayList.java:1596)

com.kingsrook.qbits.wms.WmsQBitProducerTest.testWithQBitConfig_fluent_returnsSameProducer -- Time elapsed: 0.007 s <<< ERROR!
com.kingsrook.qqq.backend.core.exceptions.QException: Could not find tableMetaData: null
	at com.kingsrook.qqq.backend.core.model.metadata.producers.ChildJoinFromRecordEntityGenericMetaDataProducer.getTable(ChildJoinFromRecordEntityGenericMetaDataProducer.java:157)
	at com.kingsrook.qqq.backend.core.model.metadata.producers.ChildJoinFromRecordEntityGenericMetaDataProducer.produce(ChildJoinFromRecordEntityGenericMetaDataProducer.java:101)
	at com.kingsrook.qqq.backend.core.model.metadata.producers.ChildJoinFromRecordEntityGenericMetaDataProducer.produce(ChildJoinFromRecordEntityGenericMetaDataProducer.java:63)
	at com.kingsrook.qqq.backend.core.model.metadata.qbits.QBitMetaDataProducer.produce(QBitMetaDataProducer.java:152)
	at com.kingsrook.qbits.wms.BaseTest.defineQInstance(BaseTest.java:89)
	at com.kingsrook.qbits.wms.BaseTest.baseBeforeEach(BaseTest.java:52)
	at java.base/java.lang.reflect.Method.invoke(Method.java:580)
	at java.base/java.util.ArrayList.forEach(ArrayList.java:1596)
	at java.base/java.util.ArrayList.forEach(ArrayList.java:1596)

