-------------------------------------------------------------------------------
Test set: com.kingsrook.qbits.wms.BaseTestSanityTest
-------------------------------------------------------------------------------
Tests run: 11, Failures: 0, Errors: 11, Skipped: 0, Time elapsed: 0.019 s <<< FAILURE! -- in com.kingsrook.qbits.wms.BaseTestSanityTest
com.kingsrook.qbits.wms.BaseTestSanityTest.testInsertTask_pendingStatus_correctFields -- Time elapsed: 0.002 s <<< ERROR!
com.kingsrook.qqq.backend.core.exceptions.QException: Could not find tableMetaData: null
	at com.kingsrook.qqq.backend.core.model.metadata.producers.ChildJoinFromRecordEntityGenericMetaDataProducer.getTable(ChildJoinFromRecordEntityGenericMetaDataProducer.java:157)
	at com.kingsrook.qqq.backend.core.model.metadata.producers.ChildJoinFromRecordEntityGenericMetaDataProducer.produce(ChildJoinFromRecordEntityGenericMetaDataProducer.java:101)
	at com.kingsrook.qqq.backend.core.model.metadata.producers.ChildJoinFromRecordEntityGenericMetaDataProducer.produce(ChildJoinFromRecordEntityGenericMetaDataProducer.java:63)
	at com.kingsrook.qqq.backend.core.model.metadata.qbits.QBitMetaDataProducer.produce(QBitMetaDataProducer.java:152)
	at com.kingsrook.qbits.wms.BaseTest.defineQInstance(BaseTest.java:89)
	at com.kingsrook.qbits.wms.BaseTest.baseBeforeEach(BaseTest.java:52)
	at java.base/java.lang.reflect.Method.invoke(Method.java:580)
	at java.base/java.util.ArrayList.forEach(ArrayList.java:1596)
	at java.base/java.util.ArrayList.forEach(ArrayList.java:1596)

com.kingsrook.qbits.wms.BaseTestSanityTest.testBackendNameConstant_isMemory -- Time elapsed: 0.002 s <<< ERROR!
com.kingsrook.qqq.backend.core.exceptions.QException: Could not find tableMetaData: null
	at com.kingsrook.qqq.backend.core.model.metadata.producers.ChildJoinFromRecordEntityGenericMetaDataProducer.getTable(ChildJoinFromRecordEntityGenericMetaDataProducer.java:157)
	at com.kingsrook.qqq.backend.core.model.metadata.producers.ChildJoinFromRecordEntityGenericMetaDataProducer.produce(ChildJoinFromRecordEntityGenericMetaDataProducer.java:101)
	at com.kingsrook.qqq.backend.core.model.metadata.producers.ChildJoinFromRecordEntityGenericMetaDataProducer.produce(ChildJoinFromRecordEntityGenericMetaDataProducer.java:63)
	at com.kingsrook.qqq.backend.core.model.metadata.qbits.QBitMetaDataProducer.produce(QBitMetaDataProducer.java:152)
	at com.kingsrook.qbits.wms.BaseTest.defineQInstance(BaseTest.java:89)
	at com.kingsrook.qbits.wms.BaseTest.baseBeforeEach(BaseTest.java:52)
	at java.base/java.lang.reflect.Method.invoke(Method.java:580)
	at java.base/java.util.ArrayList.forEach(ArrayList.java:1596)
	at java.base/java.util.ArrayList.forEach(ArrayList.java:1596)

com.kingsrook.qbits.wms.BaseTestSanityTest.testInsertLocation_defaults_recordQueryable -- Time elapsed: 0.002 s <<< ERROR!
com.kingsrook.qqq.backend.core.exceptions.QException: Could not find tableMetaData: null
	at com.kingsrook.qqq.backend.core.model.metadata.producers.ChildJoinFromRecordEntityGenericMetaDataProducer.getTable(ChildJoinFromRecordEntityGenericMetaDataProducer.java:157)
	at com.kingsrook.qqq.backend.core.model.metadata.producers.ChildJoinFromRecordEntityGenericMetaDataProducer.produce(ChildJoinFromRecordEntityGenericMetaDataProducer.java:101)
	at com.kingsrook.qqq.backend.core.model.metadata.producers.ChildJoinFromRecordEntityGenericMetaDataProducer.produce(ChildJoinFromRecordEntityGenericMetaDataProducer.java:63)
	at com.kingsrook.qqq.backend.core.model.metadata.qbits.QBitMetaDataProducer.produce(QBitMetaDataProducer.java:152)
	at com.kingsrook.qbits.wms.BaseTest.defineQInstance(BaseTest.java:89)
	at com.kingsrook.qbits.wms.BaseTest.baseBeforeEach(BaseTest.java:52)
	at java.base/java.lang.reflect.Method.invoke(Method.java:580)
	at java.base/java.util.ArrayList.forEach(ArrayList.java:1596)
	at java.base/java.util.ArrayList.forEach(ArrayList.java:1596)

com.kingsrook.qbits.wms.BaseTestSanityTest.testInsertInventory_withQuantity_correctFields -- Time elapsed: 0.001 s <<< ERROR!
com.kingsrook.qqq.backend.core.exceptions.QException: Could not find tableMetaData: null
	at com.kingsrook.qqq.backend.core.model.metadata.producers.ChildJoinFromRecordEntityGenericMetaDataProducer.getTable(ChildJoinFromRecordEntityGenericMetaDataProducer.java:157)
	at com.kingsrook.qqq.backend.core.model.metadata.producers.ChildJoinFromRecordEntityGenericMetaDataProducer.produce(ChildJoinFromRecordEntityGenericMetaDataProducer.java:101)
	at com.kingsrook.qqq.backend.core.model.metadata.producers.ChildJoinFromRecordEntityGenericMetaDataProducer.produce(ChildJoinFromRecordEntityGenericMetaDataProducer.java:63)
	at com.kingsrook.qqq.backend.core.model.metadata.qbits.QBitMetaDataProducer.produce(QBitMetaDataProducer.java:152)
	at com.kingsrook.qbits.wms.BaseTest.defineQInstance(BaseTest.java:89)
	at com.kingsrook.qbits.wms.BaseTest.baseBeforeEach(BaseTest.java:52)
	at java.base/java.lang.reflect.Method.invoke(Method.java:580)
	at java.base/java.util.ArrayList.forEach(ArrayList.java:1596)
	at java.base/java.util.ArrayList.forEach(ArrayList.java:1596)

com.kingsrook.qbits.wms.BaseTestSanityTest.testInsertLicensePlate_helper_returnsId -- Time elapsed: 0.002 s <<< ERROR!
com.kingsrook.qqq.backend.core.exceptions.QException: Could not find tableMetaData: null
	at com.kingsrook.qqq.backend.core.model.metadata.producers.ChildJoinFromRecordEntityGenericMetaDataProducer.getTable(ChildJoinFromRecordEntityGenericMetaDataProducer.java:157)
	at com.kingsrook.qqq.backend.core.model.metadata.producers.ChildJoinFromRecordEntityGenericMetaDataProducer.produce(ChildJoinFromRecordEntityGenericMetaDataProducer.java:101)
	at com.kingsrook.qqq.backend.core.model.metadata.producers.ChildJoinFromRecordEntityGenericMetaDataProducer.produce(ChildJoinFromRecordEntityGenericMetaDataProducer.java:63)
	at com.kingsrook.qqq.backend.core.model.metadata.qbits.QBitMetaDataProducer.produce(QBitMetaDataProducer.java:152)
	at com.kingsrook.qbits.wms.BaseTest.defineQInstance(BaseTest.java:89)
	at com.kingsrook.qbits.wms.BaseTest.baseBeforeEach(BaseTest.java:52)
	at java.base/java.lang.reflect.Method.invoke(Method.java:580)
	at java.base/java.util.ArrayList.forEach(ArrayList.java:1596)
	at java.base/java.util.ArrayList.forEach(ArrayList.java:1596)

com.kingsrook.qbits.wms.BaseTestSanityTest.testDefineQInstance_createsValidInstance -- Time elapsed: 0.001 s <<< ERROR!
com.kingsrook.qqq.backend.core.exceptions.QException: Could not find tableMetaData: null
	at com.kingsrook.qqq.backend.core.model.metadata.producers.ChildJoinFromRecordEntityGenericMetaDataProducer.getTable(ChildJoinFromRecordEntityGenericMetaDataProducer.java:157)
	at com.kingsrook.qqq.backend.core.model.metadata.producers.ChildJoinFromRecordEntityGenericMetaDataProducer.produce(ChildJoinFromRecordEntityGenericMetaDataProducer.java:101)
	at com.kingsrook.qqq.backend.core.model.metadata.producers.ChildJoinFromRecordEntityGenericMetaDataProducer.produce(ChildJoinFromRecordEntityGenericMetaDataProducer.java:63)
	at com.kingsrook.qqq.backend.core.model.metadata.qbits.QBitMetaDataProducer.produce(QBitMetaDataProducer.java:152)
	at com.kingsrook.qbits.wms.BaseTest.defineQInstance(BaseTest.java:89)
	at com.kingsrook.qbits.wms.BaseTest.baseBeforeEach(BaseTest.java:52)
	at java.base/java.lang.reflect.Method.invoke(Method.java:580)
	at java.base/java.util.ArrayList.forEach(ArrayList.java:1596)
	at java.base/java.util.ArrayList.forEach(ArrayList.java:1596)

com.kingsrook.qbits.wms.BaseTestSanityTest.testInsertZone_defaults_recordQueryable -- Time elapsed: 0.002 s <<< ERROR!
com.kingsrook.qqq.backend.core.exceptions.QException: Could not find tableMetaData: null
	at com.kingsrook.qqq.backend.core.model.metadata.producers.ChildJoinFromRecordEntityGenericMetaDataProducer.getTable(ChildJoinFromRecordEntityGenericMetaDataProducer.java:157)
	at com.kingsrook.qqq.backend.core.model.metadata.producers.ChildJoinFromRecordEntityGenericMetaDataProducer.produce(ChildJoinFromRecordEntityGenericMetaDataProducer.java:101)
	at com.kingsrook.qqq.backend.core.model.metadata.producers.ChildJoinFromRecordEntityGenericMetaDataProducer.produce(ChildJoinFromRecordEntityGenericMetaDataProducer.java:63)
	at com.kingsrook.qqq.backend.core.model.metadata.qbits.QBitMetaDataProducer.produce(QBitMetaDataProducer.java:152)
	at com.kingsrook.qbits.wms.BaseTest.defineQInstance(BaseTest.java:89)
	at com.kingsrook.qbits.wms.BaseTest.baseBeforeEach(BaseTest.java:52)
	at java.base/java.lang.reflect.Method.invoke(Method.java:580)
	at java.base/java.util.ArrayList.forEach(ArrayList.java:1596)
	at java.base/java.util.ArrayList.forEach(ArrayList.java:1596)

com.kingsrook.qbits.wms.BaseTestSanityTest.testInsertItem_defaults_recordQueryable -- Time elapsed: 0.002 s <<< ERROR!
com.kingsrook.qqq.backend.core.exceptions.QException: Could not find tableMetaData: null
	at com.kingsrook.qqq.backend.core.model.metadata.producers.ChildJoinFromRecordEntityGenericMetaDataProducer.getTable(ChildJoinFromRecordEntityGenericMetaDataProducer.java:157)
	at com.kingsrook.qqq.backend.core.model.metadata.producers.ChildJoinFromRecordEntityGenericMetaDataProducer.produce(ChildJoinFromRecordEntityGenericMetaDataProducer.java:101)
	at com.kingsrook.qqq.backend.core.model.metadata.producers.ChildJoinFromRecordEntityGenericMetaDataProducer.produce(ChildJoinFromRecordEntityGenericMetaDataProducer.java:63)
	at com.kingsrook.qqq.backend.core.model.metadata.qbits.QBitMetaDataProducer.produce(QBitMetaDataProducer.java:152)
	at com.kingsrook.qbits.wms.BaseTest.defineQInstance(BaseTest.java:89)
	at com.kingsrook.qbits.wms.BaseTest.baseBeforeEach(BaseTest.java:52)
	at java.base/java.lang.reflect.Method.invoke(Method.java:580)
	at java.base/java.util.ArrayList.forEach(ArrayList.java:1596)
	at java.base/java.util.ArrayList.forEach(ArrayList.java:1596)

com.kingsrook.qbits.wms.BaseTestSanityTest.testInsertWarehouse_customValues_returnsId -- Time elapsed: 0.002 s <<< ERROR!
com.kingsrook.qqq.backend.core.exceptions.QException: Could not find tableMetaData: null
	at com.kingsrook.qqq.backend.core.model.metadata.producers.ChildJoinFromRecordEntityGenericMetaDataProducer.getTable(ChildJoinFromRecordEntityGenericMetaDataProducer.java:157)
	at com.kingsrook.qqq.backend.core.model.metadata.producers.ChildJoinFromRecordEntityGenericMetaDataProducer.produce(ChildJoinFromRecordEntityGenericMetaDataProducer.java:101)
	at com.kingsrook.qqq.backend.core.model.metadata.producers.ChildJoinFromRecordEntityGenericMetaDataProducer.produce(ChildJoinFromRecordEntityGenericMetaDataProducer.java:63)
	at com.kingsrook.qqq.backend.core.model.metadata.qbits.QBitMetaDataProducer.produce(QBitMetaDataProducer.java:152)
	at com.kingsrook.qbits.wms.BaseTest.defineQInstance(BaseTest.java:89)
	at com.kingsrook.qbits.wms.BaseTest.baseBeforeEach(BaseTest.java:52)
	at java.base/java.lang.reflect.Method.invoke(Method.java:580)
	at java.base/java.util.ArrayList.forEach(ArrayList.java:1596)
	at java.base/java.util.ArrayList.forEach(ArrayList.java:1596)

com.kingsrook.qbits.wms.BaseTestSanityTest.testInsertWarehouse_defaults_recordQueryable -- Time elapsed: 0.002 s <<< ERROR!
com.kingsrook.qqq.backend.core.exceptions.QException: Could not find tableMetaData: null
	at com.kingsrook.qqq.backend.core.model.metadata.producers.ChildJoinFromRecordEntityGenericMetaDataProducer.getTable(ChildJoinFromRecordEntityGenericMetaDataProducer.java:157)
	at com.kingsrook.qqq.backend.core.model.metadata.producers.ChildJoinFromRecordEntityGenericMetaDataProducer.produce(ChildJoinFromRecordEntityGenericMetaDataProducer.java:101)
	at com.kingsrook.qqq.backend.core.model.metadata.producers.ChildJoinFromRecordEntityGenericMetaDataProducer.produce(ChildJoinFromRecordEntityGenericMetaDataProducer.java:63)
	at com.kingsrook.qqq.backend.core.model.metadata.qbits.QBitMetaDataProducer.produce(QBitMetaDataProducer.java:152)
	at com.kingsrook.qbits.wms.BaseTest.defineQInstance(BaseTest.java:89)
	at com.kingsrook.qbits.wms.BaseTest.baseBeforeEach(BaseTest.java:52)
	at java.base/java.lang.reflect.Method.invoke(Method.java:580)
	at java.base/java.util.ArrayList.forEach(ArrayList.java:1596)
	at java.base/java.util.ArrayList.forEach(ArrayList.java:1596)

com.kingsrook.qbits.wms.BaseTestSanityTest.testInsertCycleCount_helper_returnsId -- Time elapsed: 0.001 s <<< ERROR!
com.kingsrook.qqq.backend.core.exceptions.QException: Could not find tableMetaData: null
	at com.kingsrook.qqq.backend.core.model.metadata.producers.ChildJoinFromRecordEntityGenericMetaDataProducer.getTable(ChildJoinFromRecordEntityGenericMetaDataProducer.java:157)
	at com.kingsrook.qqq.backend.core.model.metadata.producers.ChildJoinFromRecordEntityGenericMetaDataProducer.produce(ChildJoinFromRecordEntityGenericMetaDataProducer.java:101)
	at com.kingsrook.qqq.backend.core.model.metadata.producers.ChildJoinFromRecordEntityGenericMetaDataProducer.produce(ChildJoinFromRecordEntityGenericMetaDataProducer.java:63)
	at com.kingsrook.qqq.backend.core.model.metadata.qbits.QBitMetaDataProducer.produce(QBitMetaDataProducer.java:152)
	at com.kingsrook.qbits.wms.BaseTest.defineQInstance(BaseTest.java:89)
	at com.kingsrook.qbits.wms.BaseTest.baseBeforeEach(BaseTest.java:52)
	at java.base/java.lang.reflect.Method.invoke(Method.java:580)
	at java.base/java.util.ArrayList.forEach(ArrayList.java:1596)
	at java.base/java.util.ArrayList.forEach(ArrayList.java:1596)

