-------------------------------------------------------------------------------
Test set: com.kingsrook.qbits.wms.WmsQBitIntegrationTest
-------------------------------------------------------------------------------
Tests run: 12, Failures: 0, Errors: 12, Skipped: 0, Time elapsed: 0.026 s <<< FAILURE! -- in com.kingsrook.qbits.wms.WmsQBitIntegrationTest
com.kingsrook.qbits.wms.WmsQBitIntegrationTest.testMultipleInserts_warehouses_allQueryable -- Time elapsed: 0.001 s <<< ERROR!
com.kingsrook.qqq.backend.core.exceptions.QException: Could not find tableMetaData: null
	at com.kingsrook.qqq.backend.core.model.metadata.producers.ChildJoinFromRecordEntityGenericMetaDataProducer.getTable(ChildJoinFromRecordEntityGenericMetaDataProducer.java:157)
	at com.kingsrook.qqq.backend.core.model.metadata.producers.ChildJoinFromRecordEntityGenericMetaDataProducer.produce(ChildJoinFromRecordEntityGenericMetaDataProducer.java:101)
	at com.kingsrook.qqq.backend.core.model.metadata.producers.ChildJoinFromRecordEntityGenericMetaDataProducer.produce(ChildJoinFromRecordEntityGenericMetaDataProducer.java:63)
	at com.kingsrook.qqq.backend.core.model.metadata.qbits.QBitMetaDataProducer.produce(QBitMetaDataProducer.java:152)
	at com.kingsrook.qbits.wms.BaseTest.defineQInstance(BaseTest.java:89)
	at com.kingsrook.qbits.wms.BaseTest.baseBeforeEach(BaseTest.java:52)
	at java.base/java.lang.reflect.Method.invoke(Method.java:580)
	at java.base/java.util.ArrayList.forEach(ArrayList.java:1596)
	at java.base/java.util.ArrayList.forEach(ArrayList.java:1596)

com.kingsrook.qbits.wms.WmsQBitIntegrationTest.testCreateCycleCountWithLines_fullInsert_bothRecordsExist -- Time elapsed: 0.001 s <<< ERROR!
com.kingsrook.qqq.backend.core.exceptions.QException: Could not find tableMetaData: null
	at com.kingsrook.qqq.backend.core.model.metadata.producers.ChildJoinFromRecordEntityGenericMetaDataProducer.getTable(ChildJoinFromRecordEntityGenericMetaDataProducer.java:157)
	at com.kingsrook.qqq.backend.core.model.metadata.producers.ChildJoinFromRecordEntityGenericMetaDataProducer.produce(ChildJoinFromRecordEntityGenericMetaDataProducer.java:101)
	at com.kingsrook.qqq.backend.core.model.metadata.producers.ChildJoinFromRecordEntityGenericMetaDataProducer.produce(ChildJoinFromRecordEntityGenericMetaDataProducer.java:63)
	at com.kingsrook.qqq.backend.core.model.metadata.qbits.QBitMetaDataProducer.produce(QBitMetaDataProducer.java:152)
	at com.kingsrook.qbits.wms.BaseTest.defineQInstance(BaseTest.java:89)
	at com.kingsrook.qbits.wms.BaseTest.baseBeforeEach(BaseTest.java:52)
	at java.base/java.lang.reflect.Method.invoke(Method.java:580)
	at java.base/java.util.ArrayList.forEach(ArrayList.java:1596)
	at java.base/java.util.ArrayList.forEach(ArrayList.java:1596)

com.kingsrook.qbits.wms.WmsQBitIntegrationTest.testAllTablesQueryable_emptyTables_noErrors -- Time elapsed: 0.001 s <<< ERROR!
com.kingsrook.qqq.backend.core.exceptions.QException: Could not find tableMetaData: null
	at com.kingsrook.qqq.backend.core.model.metadata.producers.ChildJoinFromRecordEntityGenericMetaDataProducer.getTable(ChildJoinFromRecordEntityGenericMetaDataProducer.java:157)
	at com.kingsrook.qqq.backend.core.model.metadata.producers.ChildJoinFromRecordEntityGenericMetaDataProducer.produce(ChildJoinFromRecordEntityGenericMetaDataProducer.java:101)
	at com.kingsrook.qqq.backend.core.model.metadata.producers.ChildJoinFromRecordEntityGenericMetaDataProducer.produce(ChildJoinFromRecordEntityGenericMetaDataProducer.java:63)
	at com.kingsrook.qqq.backend.core.model.metadata.qbits.QBitMetaDataProducer.produce(QBitMetaDataProducer.java:152)
	at com.kingsrook.qbits.wms.BaseTest.defineQInstance(BaseTest.java:89)
	at com.kingsrook.qbits.wms.BaseTest.baseBeforeEach(BaseTest.java:52)
	at java.base/java.lang.reflect.Method.invoke(Method.java:580)
	at java.base/java.util.ArrayList.forEach(ArrayList.java:1596)
	at java.base/java.util.ArrayList.forEach(ArrayList.java:1596)

com.kingsrook.qbits.wms.WmsQBitIntegrationTest.testInsertLicensePlate_withLocation_queryBack -- Time elapsed: 0.001 s <<< ERROR!
com.kingsrook.qqq.backend.core.exceptions.QException: Could not find tableMetaData: null
	at com.kingsrook.qqq.backend.core.model.metadata.producers.ChildJoinFromRecordEntityGenericMetaDataProducer.getTable(ChildJoinFromRecordEntityGenericMetaDataProducer.java:157)
	at com.kingsrook.qqq.backend.core.model.metadata.producers.ChildJoinFromRecordEntityGenericMetaDataProducer.produce(ChildJoinFromRecordEntityGenericMetaDataProducer.java:101)
	at com.kingsrook.qqq.backend.core.model.metadata.producers.ChildJoinFromRecordEntityGenericMetaDataProducer.produce(ChildJoinFromRecordEntityGenericMetaDataProducer.java:63)
	at com.kingsrook.qqq.backend.core.model.metadata.qbits.QBitMetaDataProducer.produce(QBitMetaDataProducer.java:152)
	at com.kingsrook.qbits.wms.BaseTest.defineQInstance(BaseTest.java:89)
	at com.kingsrook.qbits.wms.BaseTest.baseBeforeEach(BaseTest.java:52)
	at java.base/java.lang.reflect.Method.invoke(Method.java:580)
	at java.base/java.util.ArrayList.forEach(ArrayList.java:1596)
	at java.base/java.util.ArrayList.forEach(ArrayList.java:1596)

com.kingsrook.qbits.wms.WmsQBitIntegrationTest.testCreateMoveTask_withLocations_taskCreatedSuccessfully -- Time elapsed: 0.001 s <<< ERROR!
com.kingsrook.qqq.backend.core.exceptions.QException: Could not find tableMetaData: null
	at com.kingsrook.qqq.backend.core.model.metadata.producers.ChildJoinFromRecordEntityGenericMetaDataProducer.getTable(ChildJoinFromRecordEntityGenericMetaDataProducer.java:157)
	at com.kingsrook.qqq.backend.core.model.metadata.producers.ChildJoinFromRecordEntityGenericMetaDataProducer.produce(ChildJoinFromRecordEntityGenericMetaDataProducer.java:101)
	at com.kingsrook.qqq.backend.core.model.metadata.producers.ChildJoinFromRecordEntityGenericMetaDataProducer.produce(ChildJoinFromRecordEntityGenericMetaDataProducer.java:63)
	at com.kingsrook.qqq.backend.core.model.metadata.qbits.QBitMetaDataProducer.produce(QBitMetaDataProducer.java:152)
	at com.kingsrook.qbits.wms.BaseTest.defineQInstance(BaseTest.java:89)
	at com.kingsrook.qbits.wms.BaseTest.baseBeforeEach(BaseTest.java:52)
	at java.base/java.lang.reflect.Method.invoke(Method.java:580)
	at java.base/java.util.ArrayList.forEach(ArrayList.java:1596)
	at java.base/java.util.ArrayList.forEach(ArrayList.java:1596)

com.kingsrook.qbits.wms.WmsQBitIntegrationTest.testInsertTaskTypeConfig_queryBack_fieldsMatch -- Time elapsed: 0 s <<< ERROR!
com.kingsrook.qqq.backend.core.exceptions.QException: Could not find tableMetaData: null
	at com.kingsrook.qqq.backend.core.model.metadata.producers.ChildJoinFromRecordEntityGenericMetaDataProducer.getTable(ChildJoinFromRecordEntityGenericMetaDataProducer.java:157)
	at com.kingsrook.qqq.backend.core.model.metadata.producers.ChildJoinFromRecordEntityGenericMetaDataProducer.produce(ChildJoinFromRecordEntityGenericMetaDataProducer.java:101)
	at com.kingsrook.qqq.backend.core.model.metadata.producers.ChildJoinFromRecordEntityGenericMetaDataProducer.produce(ChildJoinFromRecordEntityGenericMetaDataProducer.java:63)
	at com.kingsrook.qqq.backend.core.model.metadata.qbits.QBitMetaDataProducer.produce(QBitMetaDataProducer.java:152)
	at com.kingsrook.qbits.wms.BaseTest.defineQInstance(BaseTest.java:89)
	at com.kingsrook.qbits.wms.BaseTest.baseBeforeEach(BaseTest.java:52)
	at java.base/java.lang.reflect.Method.invoke(Method.java:580)
	at java.base/java.util.ArrayList.forEach(ArrayList.java:1596)
	at java.base/java.util.ArrayList.forEach(ArrayList.java:1596)

com.kingsrook.qbits.wms.WmsQBitIntegrationTest.testInsertClient_queryBack_fieldsMatch -- Time elapsed: 0.002 s <<< ERROR!
com.kingsrook.qqq.backend.core.exceptions.QException: Could not find tableMetaData: null
	at com.kingsrook.qqq.backend.core.model.metadata.producers.ChildJoinFromRecordEntityGenericMetaDataProducer.getTable(ChildJoinFromRecordEntityGenericMetaDataProducer.java:157)
	at com.kingsrook.qqq.backend.core.model.metadata.producers.ChildJoinFromRecordEntityGenericMetaDataProducer.produce(ChildJoinFromRecordEntityGenericMetaDataProducer.java:101)
	at com.kingsrook.qqq.backend.core.model.metadata.producers.ChildJoinFromRecordEntityGenericMetaDataProducer.produce(ChildJoinFromRecordEntityGenericMetaDataProducer.java:63)
	at com.kingsrook.qqq.backend.core.model.metadata.qbits.QBitMetaDataProducer.produce(QBitMetaDataProducer.java:152)
	at com.kingsrook.qbits.wms.BaseTest.defineQInstance(BaseTest.java:89)
	at com.kingsrook.qbits.wms.BaseTest.baseBeforeEach(BaseTest.java:52)
	at java.base/java.lang.reflect.Method.invoke(Method.java:580)
	at java.base/java.util.ArrayList.forEach(ArrayList.java:1596)
	at java.base/java.util.ArrayList.forEach(ArrayList.java:1596)

com.kingsrook.qbits.wms.WmsQBitIntegrationTest.testQInstanceValidation_passes -- Time elapsed: 0.003 s <<< ERROR!
com.kingsrook.qqq.backend.core.exceptions.QException: Could not find tableMetaData: null
	at com.kingsrook.qqq.backend.core.model.metadata.producers.ChildJoinFromRecordEntityGenericMetaDataProducer.getTable(ChildJoinFromRecordEntityGenericMetaDataProducer.java:157)
	at com.kingsrook.qqq.backend.core.model.metadata.producers.ChildJoinFromRecordEntityGenericMetaDataProducer.produce(ChildJoinFromRecordEntityGenericMetaDataProducer.java:101)
	at com.kingsrook.qqq.backend.core.model.metadata.producers.ChildJoinFromRecordEntityGenericMetaDataProducer.produce(ChildJoinFromRecordEntityGenericMetaDataProducer.java:63)
	at com.kingsrook.qqq.backend.core.model.metadata.qbits.QBitMetaDataProducer.produce(QBitMetaDataProducer.java:152)
	at com.kingsrook.qbits.wms.BaseTest.defineQInstance(BaseTest.java:89)
	at com.kingsrook.qbits.wms.BaseTest.baseBeforeEach(BaseTest.java:52)
	at java.base/java.lang.reflect.Method.invoke(Method.java:580)
	at java.base/java.util.ArrayList.forEach(ArrayList.java:1596)
	at java.base/java.util.ArrayList.forEach(ArrayList.java:1596)

com.kingsrook.qbits.wms.WmsQBitIntegrationTest.testFullLifecycle_warehouseToInventory_allInsertSucceed -- Time elapsed: 0.002 s <<< ERROR!
com.kingsrook.qqq.backend.core.exceptions.QException: Could not find tableMetaData: null
	at com.kingsrook.qqq.backend.core.model.metadata.producers.ChildJoinFromRecordEntityGenericMetaDataProducer.getTable(ChildJoinFromRecordEntityGenericMetaDataProducer.java:157)
	at com.kingsrook.qqq.backend.core.model.metadata.producers.ChildJoinFromRecordEntityGenericMetaDataProducer.produce(ChildJoinFromRecordEntityGenericMetaDataProducer.java:101)
	at com.kingsrook.qqq.backend.core.model.metadata.producers.ChildJoinFromRecordEntityGenericMetaDataProducer.produce(ChildJoinFromRecordEntityGenericMetaDataProducer.java:63)
	at com.kingsrook.qqq.backend.core.model.metadata.qbits.QBitMetaDataProducer.produce(QBitMetaDataProducer.java:152)
	at com.kingsrook.qbits.wms.BaseTest.defineQInstance(BaseTest.java:89)
	at com.kingsrook.qbits.wms.BaseTest.baseBeforeEach(BaseTest.java:52)
	at java.base/java.lang.reflect.Method.invoke(Method.java:580)
	at java.base/java.util.ArrayList.forEach(ArrayList.java:1596)
	at java.base/java.util.ArrayList.forEach(ArrayList.java:1596)

com.kingsrook.qbits.wms.WmsQBitIntegrationTest.testCreateInventoryTransaction_moveType_recordInserted -- Time elapsed: 0.007 s <<< ERROR!
com.kingsrook.qqq.backend.core.exceptions.QException: Could not find tableMetaData: null
	at com.kingsrook.qqq.backend.core.model.metadata.producers.ChildJoinFromRecordEntityGenericMetaDataProducer.getTable(ChildJoinFromRecordEntityGenericMetaDataProducer.java:157)
	at com.kingsrook.qqq.backend.core.model.metadata.producers.ChildJoinFromRecordEntityGenericMetaDataProducer.produce(ChildJoinFromRecordEntityGenericMetaDataProducer.java:101)
	at com.kingsrook.qqq.backend.core.model.metadata.producers.ChildJoinFromRecordEntityGenericMetaDataProducer.produce(ChildJoinFromRecordEntityGenericMetaDataProducer.java:63)
	at com.kingsrook.qqq.backend.core.model.metadata.qbits.QBitMetaDataProducer.produce(QBitMetaDataProducer.java:152)
	at com.kingsrook.qbits.wms.BaseTest.defineQInstance(BaseTest.java:89)
	at com.kingsrook.qbits.wms.BaseTest.baseBeforeEach(BaseTest.java:52)
	at java.base/java.lang.reflect.Method.invoke(Method.java:580)
	at java.base/java.util.ArrayList.forEach(ArrayList.java:1596)
	at java.base/java.util.ArrayList.forEach(ArrayList.java:1596)

com.kingsrook.qbits.wms.WmsQBitIntegrationTest.testInsertVendor_queryBack_fieldsMatch -- Time elapsed: 0.002 s <<< ERROR!
com.kingsrook.qqq.backend.core.exceptions.QException: Could not find tableMetaData: null
	at com.kingsrook.qqq.backend.core.model.metadata.producers.ChildJoinFromRecordEntityGenericMetaDataProducer.getTable(ChildJoinFromRecordEntityGenericMetaDataProducer.java:157)
	at com.kingsrook.qqq.backend.core.model.metadata.producers.ChildJoinFromRecordEntityGenericMetaDataProducer.produce(ChildJoinFromRecordEntityGenericMetaDataProducer.java:101)
	at com.kingsrook.qqq.backend.core.model.metadata.producers.ChildJoinFromRecordEntityGenericMetaDataProducer.produce(ChildJoinFromRecordEntityGenericMetaDataProducer.java:63)
	at com.kingsrook.qqq.backend.core.model.metadata.qbits.QBitMetaDataProducer.produce(QBitMetaDataProducer.java:152)
	at com.kingsrook.qbits.wms.BaseTest.defineQInstance(BaseTest.java:89)
	at com.kingsrook.qbits.wms.BaseTest.baseBeforeEach(BaseTest.java:52)
	at java.base/java.lang.reflect.Method.invoke(Method.java:580)
	at java.base/java.util.ArrayList.forEach(ArrayList.java:1596)
	at java.base/java.util.ArrayList.forEach(ArrayList.java:1596)

com.kingsrook.qbits.wms.WmsQBitIntegrationTest.testInsertInventoryHold_queryBack_fieldsMatch -- Time elapsed: 0.002 s <<< ERROR!
com.kingsrook.qqq.backend.core.exceptions.QException: Could not find tableMetaData: null
	at com.kingsrook.qqq.backend.core.model.metadata.producers.ChildJoinFromRecordEntityGenericMetaDataProducer.getTable(ChildJoinFromRecordEntityGenericMetaDataProducer.java:157)
	at com.kingsrook.qqq.backend.core.model.metadata.producers.ChildJoinFromRecordEntityGenericMetaDataProducer.produce(ChildJoinFromRecordEntityGenericMetaDataProducer.java:101)
	at com.kingsrook.qqq.backend.core.model.metadata.producers.ChildJoinFromRecordEntityGenericMetaDataProducer.produce(ChildJoinFromRecordEntityGenericMetaDataProducer.java:63)
	at com.kingsrook.qqq.backend.core.model.metadata.qbits.QBitMetaDataProducer.produce(QBitMetaDataProducer.java:152)
	at com.kingsrook.qbits.wms.BaseTest.defineQInstance(BaseTest.java:89)
	at com.kingsrook.qbits.wms.BaseTest.baseBeforeEach(BaseTest.java:52)
	at java.base/java.lang.reflect.Method.invoke(Method.java:580)
	at java.base/java.util.ArrayList.forEach(ArrayList.java:1596)
	at java.base/java.util.ArrayList.forEach(ArrayList.java:1596)

